2025-11-19 08:36:22, MOVE, v:1, k:poo@pula-pula, mode:PICK
2025-11-19 08:36:24, MOVE, v:1, k:poo@pula-pula, mode:BACK
2025-11-19 08:43:58, MOVE, v:1, k:poo@pula-pula, mode:PICK
2025-11-19 08:43:58, MOVE, v:1, k:poo@pula-pula, mode:BACK
2025-11-19 09:00:44, MOVE, v:1, k:poo@pula-pula, mode:PICK
2025-11-19 09:00:44, EXEC, v:1, k:poo@pula-pula, mode:FULL, rate:0, size:73
2025-11-19 09:00:48, MOVE, v:1, k:poo@pula-pula, mode:BACK
2025-11-19 09:03:08, MOVE, v:1, k:poo@pula-pula, mode:PICK
2025-11-19 09:03:09, EXEC, v:1, k:poo@pula-pula, mode:FULL, rate:0, size:75
2025-11-19 09:05:27, EXEC, v:1, k:poo@pula-pula, mode:FULL, rate:0, size:75
2025-11-19 09:05:27, EXEC, v:1, k:poo@pula-pula, mode:FULL, rate:0, size:75
2025-11-19 09:05:28, EXEC, v:1, k:poo@pula-pula, mode:FULL, rate:0, size:75
2025-11-19 09:05:37, EXEC, v:1, k:poo@pula-pula, mode:FULL, rate:0
2025-11-19 09:06:50, EXEC, v:1, k:poo@pula-pula, mode:FULL, rate:0, size:75
2025-11-19 09:08:16, EXEC, v:1, k:poo@pula-pula, mode:FULL, rate:0, size:78
2025-11-19 09:08:31, EXEC, v:1, k:poo@pula-pula, mode:FULL, rate:50, size:78
2025-11-19 09:11:43, EXEC, v:1, k:poo@pula-pula, mode:FULL, rate:50, size:78
2025-11-19 09:12:57, EXEC, v:1, k:poo@pula-pula, mode:FULL, rate:30, size:76
2025-11-19 09:15:40, EXEC, v:1, k:poo@pula-pula, mode:FULL, rate:30, size:79
2025-11-19 09:16:21, EXEC, v:1, k:poo@pula-pula, mode:FULL, rate:50, size:81
2025-11-19 09:16:29, EXEC, v:1, k:poo@pula-pula, mode:FULL, rate:10, size:81
2025-11-19 09:16:30, EXEC, v:1, k:poo@pula-pula, mode:FULL, rate:10
2025-11-19 09:17:49, EXEC, v:1, k:poo@pula-pula, mode:FULL, rate:50, size:83
2025-11-19 09:19:57, EXEC, v:1, k:poo@pula-pula, mode:FULL, rate:60, size:83
2025-11-19 09:21:23, EXEC, v:1, k:poo@pula-pula, mode:FULL, rate:70, size:84
2025-11-19 09:22:24, EXEC, v:1, k:poo@pula-pula, mode:FULL, rate:70, size:85
2025-11-19 09:22:48, EXEC, v:1, k:poo@pula-pula, mode:FULL, rate:70, size:85
2025-11-19 09:26:22, EXEC, v:1, k:poo@pula-pula, mode:FULL, rate:90, size:85
2025-11-19 09:29:36, EXEC, v:1, k:poo@pula-pula, mode:FULL, rate:100, size:86
2025-11-19 09:29:47, MOVE, v:1, k:poo@pula-pula, mode:BACK
2025-11-19 09:30:00, MOVE, v:1, k:poo@pula-pula, mode:PICK
2025-11-19 09:30:02, EXEC, v:1, k:poo@pula-pula, mode:FULL, rate:100
2025-11-19 09:30:02, MOVE, v:1, k:poo@pula-pula, mode:BACK
2025-11-19 09:30:25, SELF, v:1, k:poo@pula-pula, rate:100, human:sim, iagen:sim, guide:sim, other:sim, alone:7
2025-11-19 18:32:19, MOVE, v:1, k:poo@pula-pula, mode:PICK
2025-11-19 18:32:20, MOVE, v:1, k:poo@pula-pula, mode:BACK
2025-11-19 18:32:20, MOVE, v:1, k:poo@pula-pula, mode:PICK
2025-11-19 18:32:22, EXEC, v:1, k:poo@pula-pula, mode:FREE
2025-11-19 18:32:30, MOVE, v:1, k:poo@pula-pula, mode:BACK
