2025-11-14 08:46:29, MOVE, v:1, k:poo@budega, mode:PICK
2025-11-14 08:46:30, EXEC, v:1, k:poo@budega, mode:FULL, rate:100
2025-11-14 08:46:31, MOVE, v:1, k:poo@budega, mode:BACK
2025-11-14 09:30:46, MOVE, v:1, k:poo@lapiseira, mode:PICK
2025-11-14 09:30:47, EXEC, v:1, k:poo@lapiseira, mode:FULL, rate:0, size:82
2025-11-14 09:31:12, EXEC, v:1, k:poo@lapiseira, mode:FULL, rate:0, size:82
2025-11-14 09:31:32, EXEC, v:1, k:poo@lapiseira, mode:FULL, rate:0, size:82
2025-11-14 09:31:44, EXEC, v:1, k:poo@lapiseira, mode:FULL, rate:0, size:82
2025-11-14 09:32:39, MOVE, v:1, k:poo@lapiseira, mode:BACK
2025-11-14 13:25:03, MOVE, v:1, k:poo@lapiseira, mode:PICK
2025-11-14 13:25:05, EXEC, v:1, k:poo@lapiseira, mode:FULL, rate:0, size:82
2025-11-14 13:27:10, EXEC, v:1, k:poo@lapiseira, mode:FULL, rate:0, size:84
2025-11-14 13:31:20, EXEC, v:1, k:poo@lapiseira, mode:FULL, rate:7, size:84
2025-11-14 13:34:20, EXEC, v:1, k:poo@lapiseira, mode:FULL, rate:0, size:86
2025-11-14 13:34:39, EXEC, v:1, k:poo@lapiseira, mode:FULL, rate:7, size:86
2025-11-14 13:35:55, EXEC, v:1, k:poo@lapiseira, mode:FULL, rate:7, size:86
2025-11-14 13:36:56, EXEC, v:1, k:poo@lapiseira, mode:FULL, rate:7, size:86
2025-11-14 13:37:13, EXEC, v:1, k:poo@lapiseira, mode:FULL, rate:14, size:86
2025-11-14 13:38:45, EXEC, v:1, k:poo@lapiseira, mode:FULL, rate:7, size:87
2025-11-14 13:42:58, EXEC, v:1, k:poo@lapiseira, mode:FULL, rate:0, size:87
2025-11-14 13:43:22, EXEC, v:1, k:poo@lapiseira, mode:FULL, rate:14, size:85
2025-11-14 13:46:07, EXEC, v:1, k:poo@lapiseira, mode:FULL, rate:14, size:84
2025-11-14 13:54:28, EXEC, v:1, k:poo@lapiseira, mode:FULL, rate:14, size:87
2025-11-14 13:55:07, EXEC, v:1, k:poo@lapiseira, mode:FULL, rate:14, size:87
2025-11-14 13:55:24, EXEC, v:1, k:poo@lapiseira, mode:FULL, rate:21, size:87
2025-11-14 13:56:13, EXEC, v:1, k:poo@lapiseira, mode:FULL, rate:7, size:87
2025-11-14 13:56:14, EXEC, v:1, k:poo@lapiseira, mode:FULL, rate:7, size:87
2025-11-14 13:56:25, EXEC, v:1, k:poo@lapiseira, mode:FULL, rate:21, size:87
2025-11-14 13:56:40, EXEC, v:1, k:poo@lapiseira, mode:FULL, rate:21, size:87
2025-11-14 13:57:04, EXEC, v:1, k:poo@lapiseira, mode:FULL, rate:21, size:87
2025-11-14 14:03:28, EXEC, v:1, k:poo@lapiseira, mode:FULL, rate:28, size:87
2025-11-14 14:05:39, EXEC, v:1, k:poo@lapiseira, mode:FULL, rate:35, size:87
2025-11-14 14:06:27, EXEC, v:1, k:poo@lapiseira, mode:FULL, rate:28, size:89
2025-11-14 14:07:16, EXEC, v:1, k:poo@lapiseira, mode:FULL, rate:35, size:89
2025-11-14 14:08:03, EXEC, v:1, k:poo@lapiseira, mode:FULL, rate:7, size:89
2025-11-14 14:08:20, EXEC, v:1, k:poo@lapiseira, mode:FULL, rate:35, size:89
2025-11-14 14:08:56, EXEC, v:1, k:poo@lapiseira, mode:FULL, rate:7, size:89
2025-11-14 14:09:08, EXEC, v:1, k:poo@lapiseira, mode:FULL, rate:7, size:89
2025-11-14 14:09:18, EXEC, v:1, k:poo@lapiseira, mode:FULL, rate:35, size:89
2025-11-14 14:10:09, EXEC, v:1, k:poo@lapiseira, mode:FULL, rate:42, size:89
2025-11-14 14:10:37, EXEC, v:1, k:poo@lapiseira, mode:FULL, rate:50, size:89
2025-11-14 14:11:16, EXEC, v:1, k:poo@lapiseira, mode:FULL, rate:57, size:91
2025-11-14 14:11:46, EXEC, v:1, k:poo@lapiseira, mode:FULL, rate:57, size:93
2025-11-14 14:12:14, EXEC, v:1, k:poo@lapiseira, mode:FULL, rate:85, size:93
2025-11-14 14:18:21, EXEC, v:1, k:poo@lapiseira, mode:FULL, rate:92, size:94
2025-11-14 14:18:43, EXEC, v:1, k:poo@lapiseira, mode:FULL, rate:100, size:94
2025-11-14 14:18:49, MOVE, v:1, k:poo@lapiseira, mode:BACK
2025-11-14 14:21:52, SELF, v:1, k:poo@lapiseira, rate:100, human:sim, iagen:sim, guide:sim, other:nao, alone:10
2025-11-14 14:29:51, MOVE, v:1, k:poo@pula-pula, mode:PICK
2025-11-14 14:29:52, EXEC, v:1, k:poo@pula-pula, mode:FULL, rate:0, size:0
2025-11-14 14:29:53, MOVE, v:1, k:poo@pula-pula, mode:BACK
2025-11-14 14:39:32, MOVE, v:1, k:poo@pula-pula, mode:PICK
2025-11-14 14:39:33, EXEC, v:1, k:poo@pula-pula, mode:FREE
2025-11-14 14:39:35, MOVE, v:1, k:poo@pula-pula, mode:BACK
2025-11-14 16:25:10, MOVE, v:1, k:poo@pula-pula, mode:PICK
2025-11-14 16:25:11, EXEC, v:1, k:poo@pula-pula, mode:FULL, rate:0
2025-11-14 16:25:11, EXEC, v:1, k:poo@pula-pula, mode:FREE
2025-11-14 16:25:12, MOVE, v:1, k:poo@pula-pula, mode:BACK
