2025-11-17 02:15:15, MOVE, v:1, k:poo@pula-pula, mode:PICK
2025-11-17 02:15:16, MOVE, v:1, k:poo@pula-pula, mode:BACK
2025-11-17 02:15:18, MOVE, v:1, k:poo@pula-pula, mode:PICK
2025-11-17 02:15:19, EXEC, v:1, k:poo@pula-pula, mode:FREE
2025-11-17 02:15:22, MOVE, v:1, k:poo@pula-pula, mode:BACK
2025-11-17 02:17:13, MOVE, v:1, k:poo@pula-pula, mode:PICK
2025-11-17 02:17:14, MOVE, v:1, k:poo@pula-pula, mode:BACK
2025-11-17 02:17:15, MOVE, v:1, k:poo@pula-pula, mode:PICK
2025-11-17 02:17:15, EXEC, v:1, k:poo@pula-pula, mode:FREE, size:2
2025-11-17 02:17:21, MOVE, v:1, k:poo@pula-pula, mode:BACK
2025-11-17 11:20:24, MOVE, v:1, k:poo@pula-pula, mode:PICK
2025-11-17 11:20:24, EXEC, v:1, k:poo@pula-pula, mode:FULL, rate:0, size:20
2025-11-17 11:20:25, MOVE, v:1, k:poo@pula-pula, mode:BACK
2025-11-17 11:20:34, MOVE, v:1, k:poo@pula-pula, mode:PICK
2025-11-17 11:20:35, EXEC, v:1, k:poo@pula-pula, mode:FULL, rate:0
2025-11-17 11:20:35, MOVE, v:1, k:poo@pula-pula, mode:BACK
2025-11-17 11:39:17, MOVE, v:1, k:poo@pula-pula, mode:PICK
2025-11-17 11:39:18, EXEC, v:1, k:poo@pula-pula, mode:FULL, rate:0
2025-11-17 11:39:18, MOVE, v:1, k:poo@pula-pula, mode:BACK
2025-11-17 11:43:01, SELF, v:1, k:poo@budega, rate:100, human:sim, iagen:sim, guide:sim, other:nao, alone:8
2025-11-17 11:44:14, SELF, v:1, k:poo@lapiseira, rate:100, human:sim, iagen:sim, guide:sim, other:nao, alone:7
2025-11-17 11:44:32, SELF, v:1, k:poo@lapiseira, rate:100, human:sim, iagen:sim, guide:sim, other:nao, alone:8
2025-11-17 16:20:04, MOVE, v:1, k:poo@budega, mode:PICK
2025-11-17 16:20:05, MOVE, v:1, k:poo@budega, mode:BACK
2025-11-17 16:20:13, MOVE, v:1, k:poo@pula-pula, mode:PICK
2025-11-17 16:20:14, EXEC, v:1, k:poo@pula-pula, mode:FULL, rate:0, size:25
2025-11-17 16:20:14, MOVE, v:1, k:poo@pula-pula, mode:BACK
2025-11-17 16:25:23, MOVE, v:1, k:poo@budega, mode:PICK
2025-11-17 16:25:24, EXEC, v:1, k:poo@budega, mode:FULL, rate:0, size:68
2025-11-17 16:25:39, EXEC, v:1, k:poo@budega, mode:FULL, rate:100, size:68
2025-11-17 16:25:47, MOVE, v:1, k:poo@budega, mode:BACK
2025-11-17 16:25:49, MOVE, v:1, k:poo@budega, mode:PICK
2025-11-17 16:25:50, EXEC, v:1, k:poo@budega, mode:FULL, rate:100
2025-11-17 16:25:59, EXEC, v:1, k:poo@budega, mode:FULL, rate:50, size:68
2025-11-17 16:26:23, MOVE, v:1, k:poo@budega, mode:BACK
2025-11-17 16:26:57, MOVE, v:1, k:poo@budega, mode:PICK
2025-11-17 16:26:58, EXEC, v:1, k:poo@budega, mode:FULL, rate:100, size:68
2025-11-17 16:26:58, MOVE, v:1, k:poo@budega, mode:BACK
2025-11-17 16:27:00, MOVE, v:1, k:poo@budega, mode:PICK
2025-11-17 16:27:01, EXEC, v:1, k:poo@budega, mode:FULL, rate:100
2025-11-17 16:27:13, MOVE, v:1, k:poo@budega, mode:BACK
2025-11-17 16:27:15, MOVE, v:1, k:poo@lapiseira, mode:PICK
2025-11-17 16:27:16, EXEC, v:1, k:poo@lapiseira, mode:FULL, rate:100
2025-11-17 20:12:43, MOVE, v:1, k:poo@pula-pula, mode:PICK
2025-11-17 20:12:44, EXEC, v:1, k:poo@pula-pula, mode:FULL, rate:0, size:25
2025-11-17 20:12:46, MOVE, v:1, k:poo@pula-pula, mode:BACK
2025-11-17 20:27:26, MOVE, v:1, k:poo@pula-pula, mode:PICK
2025-11-17 20:27:26, EXEC, v:1, k:poo@pula-pula, mode:FULL, rate:0, size:29
2025-11-17 20:27:27, MOVE, v:1, k:poo@pula-pula, mode:BACK
2025-11-17 20:27:30, MOVE, v:1, k:poo@pula-pula, mode:PICK
2025-11-17 20:27:30, EXEC, v:1, k:poo@pula-pula, mode:FREE
2025-11-17 20:27:35, MOVE, v:1, k:poo@pula-pula, mode:BACK
2025-11-17 20:39:06, MOVE, v:1, k:poo@pula-pula, mode:PICK
2025-11-17 20:39:07, EXEC, v:1, k:poo@pula-pula, mode:FULL, rate:0, size:29
2025-11-17 20:39:07, MOVE, v:1, k:poo@pula-pula, mode:BACK
2025-11-17 21:19:10, MOVE, v:1, k:poo@pula-pula, mode:PICK
2025-11-17 21:19:11, EXEC, v:1, k:poo@pula-pula, mode:FULL, rate:0, size:42
2025-11-17 21:19:11, MOVE, v:1, k:poo@pula-pula, mode:BACK
